<?xml version="1.0" encoding="UTF-8"?>
<testsuite xmlns:xsi="http://www.w3.org/2001/XMLSchema-instance" xsi:noNamespaceSchemaLocation="https://maven.apache.org/surefire/maven-surefire-plugin/xsd/surefire-test-report-3.0.xsd" version="3.0" name="tests.votesDownPostTest" time="1.483" tests="1" errors="0" skipped="0" failures="1">
  <properties>
[...]
</properties>
  <testcase name="createVoteDown" classname="tests.votesDownPostTest" time="1.483">
    <failure message="1 expectation failed.&#10;Expected status code &lt;201&gt; but was &lt;401&gt;.&#10;" type="java.lang.AssertionError"><![CDATA[java.lang.AssertionError: 
1 expectation failed.
Expected status code <201> but was <401>.

	at tests.votesDownPostTest.createVoteDown(votesDownPostTest.java:31)
]]></failure>
    <system-out><![CDATA[Request method:	POST
Request URI:	https://api.thedogapi.com/v1/votes/
Proxy:			<none>
Request params:	<none>
Query params:	<none>
Form params:	<none>
Path params:	<none>
Headers:		x-api-key=live_MZuFF20RpOAJWlFt5JIzSvxBEl2V67khyaEE6EhPeSCEmcypCk1LoOjtBI5WD7UD
				x-api-key=live_MZuFF20RpOAJWlFt5JIzSvxBEl2V67khyaEE6EhPeSCEmcypCk1LoOjtBI5WD7UD
				x-api-key=live_MZuFF20RpOAJWlFt5JIzSvxBEl2V67khyaEE6EhPeSCEmcypCk1LoOjtBI5WD7UD
				x-api-key=live_MZuFF20RpOAJWlFt5JIzSvxBEl2V67khyaEE6EhPeSCEmcypCk1LoOjtBI5WD7UD
				x-api-key=live_MZuFF20RpOAJWlFt5JIzSvxBEl2V67khyaEE6EhPeSCEmcypCk1LoOjtBI5WD7UD
				x-api-key=live_MZuFF20RpOAJWlFt5JIzSvxBEl2V67khyaEE6EhPeSCEmcypCk1LoOjtBI5WD7UD
				x-api-key=live_MZuFF20RpOAJWlFt5JIzSvxBEl2V67khyaEE6EhPeSCEmcypCk1LoOjtBI5WD7UD
				x-api-key=live_MZuFF20RpOAJWlFt5JIzSvxBEl2V67khyaEE6EhPeSCEmcypCk1LoOjtBI5WD7UD
				x-api-key=live_MZuFF20RpOAJWlFt5JIzSvxBEl2V67khyaEE6EhPeSCEmcypCk1LoOjtBI5WD7UD
				x-api-key=live_MZuFF20RpOAJWlFt5JIzSvxBEl2V67khyaEE6EhPeSCEmcypCk1LoOjtBI5WD7UD
				x-api-key=live_MZuFF20RpOAJWlFt5JIzSvxBEl2V67khyaEE6EhPeSCEmcypCk1LoOjtBI5WD7UD
				Accept=application/json
				Content-Type=application/json; charset=UTF-8
Cookies:		<none>
Multiparts:		<none>
Body:
{
    "image_id": "dfgtgh",
    "sub_id": "my-user-1234",
    "value": 0
}
Request method:	POST
Request URI:	https://api.thedogapi.com/v1/votes/
Proxy:			<none>
Request params:	<none>
Query params:	<none>
Form params:	<none>
Path params:	<none>
Headers:		x-api-key=live_MZuFF20RpOAJWlFt5JIzSvxBEl2V67khyaEE6EhPeSCEmcypCk1LoOjtBI5WD7UD
				x-api-key=live_MZuFF20RpOAJWlFt5JIzSvxBEl2V67khyaEE6EhPeSCEmcypCk1LoOjtBI5WD7UD
				x-api-key=live_MZuFF20RpOAJWlFt5JIzSvxBEl2V67khyaEE6EhPeSCEmcypCk1LoOjtBI5WD7UD
				x-api-key=live_MZuFF20RpOAJWlFt5JIzSvxBEl2V67khyaEE6EhPeSCEmcypCk1LoOjtBI5WD7UD
				x-api-key=live_MZuFF20RpOAJWlFt5JIzSvxBEl2V67khyaEE6EhPeSCEmcypCk1LoOjtBI5WD7UD
				x-api-key=live_MZuFF20RpOAJWlFt5JIzSvxBEl2V67khyaEE6EhPeSCEmcypCk1LoOjtBI5WD7UD
				x-api-key=live_MZuFF20RpOAJWlFt5JIzSvxBEl2V67khyaEE6EhPeSCEmcypCk1LoOjtBI5WD7UD
				x-api-key=live_MZuFF20RpOAJWlFt5JIzSvxBEl2V67khyaEE6EhPeSCEmcypCk1LoOjtBI5WD7UD
				x-api-key=live_MZuFF20RpOAJWlFt5JIzSvxBEl2V67khyaEE6EhPeSCEmcypCk1LoOjtBI5WD7UD
				x-api-key=live_MZuFF20RpOAJWlFt5JIzSvxBEl2V67khyaEE6EhPeSCEmcypCk1LoOjtBI5WD7UD
				x-api-key=live_MZuFF20RpOAJWlFt5JIzSvxBEl2V67khyaEE6EhPeSCEmcypCk1LoOjtBI5WD7UD
				Accept=application/json
				Content-Type=application/json; charset=UTF-8
Cookies:		<none>
Multiparts:		<none>
Body:
{
    "image_id": "dfgtgh",
    "sub_id": "my-user-1234",
    "value": 0
}
Request method:	POST
Request URI:	https://api.thedogapi.com/v1/votes/
Proxy:			<none>
Request params:	<none>
Query params:	<none>
Form params:	<none>
Path params:	<none>
Headers:		x-api-key=live_MZuFF20RpOAJWlFt5JIzSvxBEl2V67khyaEE6EhPeSCEmcypCk1LoOjtBI5WD7UD
				x-api-key=live_MZuFF20RpOAJWlFt5JIzSvxBEl2V67khyaEE6EhPeSCEmcypCk1LoOjtBI5WD7UD
				x-api-key=live_MZuFF20RpOAJWlFt5JIzSvxBEl2V67khyaEE6EhPeSCEmcypCk1LoOjtBI5WD7UD
				x-api-key=live_MZuFF20RpOAJWlFt5JIzSvxBEl2V67khyaEE6EhPeSCEmcypCk1LoOjtBI5WD7UD
				x-api-key=live_MZuFF20RpOAJWlFt5JIzSvxBEl2V67khyaEE6EhPeSCEmcypCk1LoOjtBI5WD7UD
				x-api-key=live_MZuFF20RpOAJWlFt5JIzSvxBEl2V67khyaEE6EhPeSCEmcypCk1LoOjtBI5WD7UD
				x-api-key=live_MZuFF20RpOAJWlFt5JIzSvxBEl2V67khyaEE6EhPeSCEmcypCk1LoOjtBI5WD7UD
				x-api-key=live_MZuFF20RpOAJWlFt5JIzSvxBEl2V67khyaEE6EhPeSCEmcypCk1LoOjtBI5WD7UD
				x-api-key=live_MZuFF20RpOAJWlFt5JIzSvxBEl2V67khyaEE6EhPeSCEmcypCk1LoOjtBI5WD7UD
				x-api-key=live_MZuFF20RpOAJWlFt5JIzSvxBEl2V67khyaEE6EhPeSCEmcypCk1LoOjtBI5WD7UD
				x-api-key=live_MZuFF20RpOAJWlFt5JIzSvxBEl2V67khyaEE6EhPeSCEmcypCk1LoOjtBI5WD7UD
				Accept=application/json
				Content-Type=application/json; charset=UTF-8
Cookies:		<none>
Multiparts:		<none>
Body:
{
    "image_id": "dfgtgh",
    "sub_id": "my-user-1234",
    "value": 0
}
Request method:	POST
Request URI:	https://api.thedogapi.com/v1/votes/
Proxy:			<none>
Request params:	<none>
Query params:	<none>
Form params:	<none>
Path params:	<none>
Headers:		x-api-key=live_MZuFF20RpOAJWlFt5JIzSvxBEl2V67khyaEE6EhPeSCEmcypCk1LoOjtBI5WD7UD
				x-api-key=live_MZuFF20RpOAJWlFt5JIzSvxBEl2V67khyaEE6EhPeSCEmcypCk1LoOjtBI5WD7UD
				x-api-key=live_MZuFF20RpOAJWlFt5JIzSvxBEl2V67khyaEE6EhPeSCEmcypCk1LoOjtBI5WD7UD
				x-api-key=live_MZuFF20RpOAJWlFt5JIzSvxBEl2V67khyaEE6EhPeSCEmcypCk1LoOjtBI5WD7UD
				x-api-key=live_MZuFF20RpOAJWlFt5JIzSvxBEl2V67khyaEE6EhPeSCEmcypCk1LoOjtBI5WD7UD
				x-api-key=live_MZuFF20RpOAJWlFt5JIzSvxBEl2V67khyaEE6EhPeSCEmcypCk1LoOjtBI5WD7UD
				x-api-key=live_MZuFF20RpOAJWlFt5JIzSvxBEl2V67khyaEE6EhPeSCEmcypCk1LoOjtBI5WD7UD
				x-api-key=live_MZuFF20RpOAJWlFt5JIzSvxBEl2V67khyaEE6EhPeSCEmcypCk1LoOjtBI5WD7UD
				x-api-key=live_MZuFF20RpOAJWlFt5JIzSvxBEl2V67khyaEE6EhPeSCEmcypCk1LoOjtBI5WD7UD
				x-api-key=live_MZuFF20RpOAJWlFt5JIzSvxBEl2V67khyaEE6EhPeSCEmcypCk1LoOjtBI5WD7UD
				x-api-key=live_MZuFF20RpOAJWlFt5JIzSvxBEl2V67khyaEE6EhPeSCEmcypCk1LoOjtBI5WD7UD
				Accept=application/json
				Content-Type=application/json; charset=UTF-8
Cookies:		<none>
Multiparts:		<none>
Body:
{
    "image_id": "dfgtgh",
    "sub_id": "my-user-1234",
    "value": 0
}
Request method:	POST
Request URI:	https://api.thedogapi.com/v1/votes/
Proxy:			<none>
Request params:	<none>
Query params:	<none>
Form params:	<none>
Path params:	<none>
Headers:		x-api-key=live_MZuFF20RpOAJWlFt5JIzSvxBEl2V67khyaEE6EhPeSCEmcypCk1LoOjtBI5WD7UD
				x-api-key=live_MZuFF20RpOAJWlFt5JIzSvxBEl2V67khyaEE6EhPeSCEmcypCk1LoOjtBI5WD7UD
				x-api-key=live_MZuFF20RpOAJWlFt5JIzSvxBEl2V67khyaEE6EhPeSCEmcypCk1LoOjtBI5WD7UD
				x-api-key=live_MZuFF20RpOAJWlFt5JIzSvxBEl2V67khyaEE6EhPeSCEmcypCk1LoOjtBI5WD7UD
				x-api-key=live_MZuFF20RpOAJWlFt5JIzSvxBEl2V67khyaEE6EhPeSCEmcypCk1LoOjtBI5WD7UD
				x-api-key=live_MZuFF20RpOAJWlFt5JIzSvxBEl2V67khyaEE6EhPeSCEmcypCk1LoOjtBI5WD7UD
				x-api-key=live_MZuFF20RpOAJWlFt5JIzSvxBEl2V67khyaEE6EhPeSCEmcypCk1LoOjtBI5WD7UD
				x-api-key=live_MZuFF20RpOAJWlFt5JIzSvxBEl2V67khyaEE6EhPeSCEmcypCk1LoOjtBI5WD7UD
				x-api-key=live_MZuFF20RpOAJWlFt5JIzSvxBEl2V67khyaEE6EhPeSCEmcypCk1LoOjtBI5WD7UD
				x-api-key=live_MZuFF20RpOAJWlFt5JIzSvxBEl2V67khyaEE6EhPeSCEmcypCk1LoOjtBI5WD7UD
				x-api-key=live_MZuFF20RpOAJWlFt5JIzSvxBEl2V67khyaEE6EhPeSCEmcypCk1LoOjtBI5WD7UD
				Accept=application/json
				Content-Type=application/json; charset=UTF-8
Cookies:		<none>
Multiparts:		<none>
Body:
{
    "image_id": "dfgtgh",
    "sub_id": "my-user-1234",
    "value": 0
}
Request method:	POST
Request URI:	https://api.thedogapi.com/v1/votes/
Proxy:			<none>
Request params:	<none>
Query params:	<none>
Form params:	<none>
Path params:	<none>
Headers:		x-api-key=live_MZuFF20RpOAJWlFt5JIzSvxBEl2V67khyaEE6EhPeSCEmcypCk1LoOjtBI5WD7UD
				x-api-key=live_MZuFF20RpOAJWlFt5JIzSvxBEl2V67khyaEE6EhPeSCEmcypCk1LoOjtBI5WD7UD
				x-api-key=live_MZuFF20RpOAJWlFt5JIzSvxBEl2V67khyaEE6EhPeSCEmcypCk1LoOjtBI5WD7UD
				x-api-key=live_MZuFF20RpOAJWlFt5JIzSvxBEl2V67khyaEE6EhPeSCEmcypCk1LoOjtBI5WD7UD
				x-api-key=live_MZuFF20RpOAJWlFt5JIzSvxBEl2V67khyaEE6EhPeSCEmcypCk1LoOjtBI5WD7UD
				x-api-key=live_MZuFF20RpOAJWlFt5JIzSvxBEl2V67khyaEE6EhPeSCEmcypCk1LoOjtBI5WD7UD
				x-api-key=live_MZuFF20RpOAJWlFt5JIzSvxBEl2V67khyaEE6EhPeSCEmcypCk1LoOjtBI5WD7UD
				x-api-key=live_MZuFF20RpOAJWlFt5JIzSvxBEl2V67khyaEE6EhPeSCEmcypCk1LoOjtBI5WD7UD
				x-api-key=live_MZuFF20RpOAJWlFt5JIzSvxBEl2V67khyaEE6EhPeSCEmcypCk1LoOjtBI5WD7UD
				x-api-key=live_MZuFF20RpOAJWlFt5JIzSvxBEl2V67khyaEE6EhPeSCEmcypCk1LoOjtBI5WD7UD
				x-api-key=live_MZuFF20RpOAJWlFt5JIzSvxBEl2V67khyaEE6EhPeSCEmcypCk1LoOjtBI5WD7UD
				Accept=application/json
				Content-Type=application/json; charset=UTF-8
Cookies:		<none>
Multiparts:		<none>
Body:
{
    "image_id": "dfgtgh",
    "sub_id": "my-user-1234",
    "value": 0
}
Request method:	POST
Request URI:	https://api.thedogapi.com/v1/votes/
Proxy:			<none>
Request params:	<none>
Query params:	<none>
Form params:	<none>
Path params:	<none>
Headers:		x-api-key=live_MZuFF20RpOAJWlFt5JIzSvxBEl2V67khyaEE6EhPeSCEmcypCk1LoOjtBI5WD7UD
				x-api-key=live_MZuFF20RpOAJWlFt5JIzSvxBEl2V67khyaEE6EhPeSCEmcypCk1LoOjtBI5WD7UD
				x-api-key=live_MZuFF20RpOAJWlFt5JIzSvxBEl2V67khyaEE6EhPeSCEmcypCk1LoOjtBI5WD7UD
				x-api-key=live_MZuFF20RpOAJWlFt5JIzSvxBEl2V67khyaEE6EhPeSCEmcypCk1LoOjtBI5WD7UD
				x-api-key=live_MZuFF20RpOAJWlFt5JIzSvxBEl2V67khyaEE6EhPeSCEmcypCk1LoOjtBI5WD7UD
				x-api-key=live_MZuFF20RpOAJWlFt5JIzSvxBEl2V67khyaEE6EhPeSCEmcypCk1LoOjtBI5WD7UD
				x-api-key=live_MZuFF20RpOAJWlFt5JIzSvxBEl2V67khyaEE6EhPeSCEmcypCk1LoOjtBI5WD7UD
				x-api-key=live_MZuFF20RpOAJWlFt5JIzSvxBEl2V67khyaEE6EhPeSCEmcypCk1LoOjtBI5WD7UD
				x-api-key=live_MZuFF20RpOAJWlFt5JIzSvxBEl2V67khyaEE6EhPeSCEmcypCk1LoOjtBI5WD7UD
				x-api-key=live_MZuFF20RpOAJWlFt5JIzSvxBEl2V67khyaEE6EhPeSCEmcypCk1LoOjtBI5WD7UD
				x-api-key=live_MZuFF20RpOAJWlFt5JIzSvxBEl2V67khyaEE6EhPeSCEmcypCk1LoOjtBI5WD7UD
				Accept=application/json
				Content-Type=application/json; charset=UTF-8
Cookies:		<none>
Multiparts:		<none>
Body:
{
    "image_id": "dfgtgh",
    "sub_id": "my-user-1234",
    "value": 0
}
Request method:	POST
Request URI:	https://api.thedogapi.com/v1/votes/
Proxy:			<none>
Request params:	<none>
Query params:	<none>
Form params:	<none>
Path params:	<none>
Headers:		x-api-key=live_MZuFF20RpOAJWlFt5JIzSvxBEl2V67khyaEE6EhPeSCEmcypCk1LoOjtBI5WD7UD
				x-api-key=live_MZuFF20RpOAJWlFt5JIzSvxBEl2V67khyaEE6EhPeSCEmcypCk1LoOjtBI5WD7UD
				x-api-key=live_MZuFF20RpOAJWlFt5JIzSvxBEl2V67khyaEE6EhPeSCEmcypCk1LoOjtBI5WD7UD
				x-api-key=live_MZuFF20RpOAJWlFt5JIzSvxBEl2V67khyaEE6EhPeSCEmcypCk1LoOjtBI5WD7UD
				x-api-key=live_MZuFF20RpOAJWlFt5JIzSvxBEl2V67khyaEE6EhPeSCEmcypCk1LoOjtBI5WD7UD
				x-api-key=live_MZuFF20RpOAJWlFt5JIzSvxBEl2V67khyaEE6EhPeSCEmcypCk1LoOjtBI5WD7UD
				x-api-key=live_MZuFF20RpOAJWlFt5JIzSvxBEl2V67khyaEE6EhPeSCEmcypCk1LoOjtBI5WD7UD
				x-api-key=live_MZuFF20RpOAJWlFt5JIzSvxBEl2V67khyaEE6EhPeSCEmcypCk1LoOjtBI5WD7UD
				x-api-key=live_MZuFF20RpOAJWlFt5JIzSvxBEl2V67khyaEE6EhPeSCEmcypCk1LoOjtBI5WD7UD
				x-api-key=live_MZuFF20RpOAJWlFt5JIzSvxBEl2V67khyaEE6EhPeSCEmcypCk1LoOjtBI5WD7UD
				x-api-key=live_MZuFF20RpOAJWlFt5JIzSvxBEl2V67khyaEE6EhPeSCEmcypCk1LoOjtBI5WD7UD
				Accept=application/json
				Content-Type=application/json; charset=UTF-8
Cookies:		<none>
Multiparts:		<none>
Body:
{
    "image_id": "dfgtgh",
    "sub_id": "my-user-1234",
    "value": 0
}
Request method:	POST
Request URI:	https://api.thedogapi.com/v1/votes/
Proxy:			<none>
Request params:	<none>
Query params:	<none>
Form params:	<none>
Path params:	<none>
Headers:		x-api-key=live_MZuFF20RpOAJWlFt5JIzSvxBEl2V67khyaEE6EhPeSCEmcypCk1LoOjtBI5WD7UD
				x-api-key=live_MZuFF20RpOAJWlFt5JIzSvxBEl2V67khyaEE6EhPeSCEmcypCk1LoOjtBI5WD7UD
				x-api-key=live_MZuFF20RpOAJWlFt5JIzSvxBEl2V67khyaEE6EhPeSCEmcypCk1LoOjtBI5WD7UD
				x-api-key=live_MZuFF20RpOAJWlFt5JIzSvxBEl2V67khyaEE6EhPeSCEmcypCk1LoOjtBI5WD7UD
				x-api-key=live_MZuFF20RpOAJWlFt5JIzSvxBEl2V67khyaEE6EhPeSCEmcypCk1LoOjtBI5WD7UD
				x-api-key=live_MZuFF20RpOAJWlFt5JIzSvxBEl2V67khyaEE6EhPeSCEmcypCk1LoOjtBI5WD7UD
				x-api-key=live_MZuFF20RpOAJWlFt5JIzSvxBEl2V67khyaEE6EhPeSCEmcypCk1LoOjtBI5WD7UD
				x-api-key=live_MZuFF20RpOAJWlFt5JIzSvxBEl2V67khyaEE6EhPeSCEmcypCk1LoOjtBI5WD7UD
				x-api-key=live_MZuFF20RpOAJWlFt5JIzSvxBEl2V67khyaEE6EhPeSCEmcypCk1LoOjtBI5WD7UD
				x-api-key=live_MZuFF20RpOAJWlFt5JIzSvxBEl2V67khyaEE6EhPeSCEmcypCk1LoOjtBI5WD7UD
				x-api-key=live_MZuFF20RpOAJWlFt5JIzSvxBEl2V67khyaEE6EhPeSCEmcypCk1LoOjtBI5WD7UD
				Accept=application/json
				Content-Type=application/json; charset=UTF-8
Cookies:		<none>
Multiparts:		<none>
Body:
{
    "image_id": "dfgtgh",
    "sub_id": "my-user-1234",
    "value": 0
}
Request method:	POST
Request URI:	https://api.thedogapi.com/v1/votes/
Proxy:			<none>
Request params:	<none>
Query params:	<none>
Form params:	<none>
Path params:	<none>
Headers:		x-api-key=live_MZuFF20RpOAJWlFt5JIzSvxBEl2V67khyaEE6EhPeSCEmcypCk1LoOjtBI5WD7UD
				x-api-key=live_MZuFF20RpOAJWlFt5JIzSvxBEl2V67khyaEE6EhPeSCEmcypCk1LoOjtBI5WD7UD
				x-api-key=live_MZuFF20RpOAJWlFt5JIzSvxBEl2V67khyaEE6EhPeSCEmcypCk1LoOjtBI5WD7UD
				x-api-key=live_MZuFF20RpOAJWlFt5JIzSvxBEl2V67khyaEE6EhPeSCEmcypCk1LoOjtBI5WD7UD
				x-api-key=live_MZuFF20RpOAJWlFt5JIzSvxBEl2V67khyaEE6EhPeSCEmcypCk1LoOjtBI5WD7UD
				x-api-key=live_MZuFF20RpOAJWlFt5JIzSvxBEl2V67khyaEE6EhPeSCEmcypCk1LoOjtBI5WD7UD
				x-api-key=live_MZuFF20RpOAJWlFt5JIzSvxBEl2V67khyaEE6EhPeSCEmcypCk1LoOjtBI5WD7UD
				x-api-key=live_MZuFF20RpOAJWlFt5JIzSvxBEl2V67khyaEE6EhPeSCEmcypCk1LoOjtBI5WD7UD
				x-api-key=live_MZuFF20RpOAJWlFt5JIzSvxBEl2V67khyaEE6EhPeSCEmcypCk1LoOjtBI5WD7UD
				x-api-key=live_MZuFF20RpOAJWlFt5JIzSvxBEl2V67khyaEE6EhPeSCEmcypCk1LoOjtBI5WD7UD
				x-api-key=live_MZuFF20RpOAJWlFt5JIzSvxBEl2V67khyaEE6EhPeSCEmcypCk1LoOjtBI5WD7UD
				Accept=application/json
				Content-Type=application/json; charset=UTF-8
Cookies:		<none>
Multiparts:		<none>
Body:
{
    "image_id": "dfgtgh",
    "sub_id": "my-user-1234",
    "value": 0
}
Request method:	POST
Request URI:	https://api.thedogapi.com/v1/votes/
Proxy:			<none>
Request params:	<none>
Query params:	<none>
Form params:	<none>
Path params:	<none>
Headers:		x-api-key=live_MZuFF20RpOAJWlFt5JIzSvxBEl2V67khyaEE6EhPeSCEmcypCk1LoOjtBI5WD7UD
				x-api-key=live_MZuFF20RpOAJWlFt5JIzSvxBEl2V67khyaEE6EhPeSCEmcypCk1LoOjtBI5WD7UD
				x-api-key=live_MZuFF20RpOAJWlFt5JIzSvxBEl2V67khyaEE6EhPeSCEmcypCk1LoOjtBI5WD7UD
				x-api-key=live_MZuFF20RpOAJWlFt5JIzSvxBEl2V67khyaEE6EhPeSCEmcypCk1LoOjtBI5WD7UD
				x-api-key=live_MZuFF20RpOAJWlFt5JIzSvxBEl2V67khyaEE6EhPeSCEmcypCk1LoOjtBI5WD7UD
				x-api-key=live_MZuFF20RpOAJWlFt5JIzSvxBEl2V67khyaEE6EhPeSCEmcypCk1LoOjtBI5WD7UD
				x-api-key=live_MZuFF20RpOAJWlFt5JIzSvxBEl2V67khyaEE6EhPeSCEmcypCk1LoOjtBI5WD7UD
				x-api-key=live_MZuFF20RpOAJWlFt5JIzSvxBEl2V67khyaEE6EhPeSCEmcypCk1LoOjtBI5WD7UD
				x-api-key=live_MZuFF20RpOAJWlFt5JIzSvxBEl2V67khyaEE6EhPeSCEmcypCk1LoOjtBI5WD7UD
				x-api-key=live_MZuFF20RpOAJWlFt5JIzSvxBEl2V67khyaEE6EhPeSCEmcypCk1LoOjtBI5WD7UD
				x-api-key=live_MZuFF20RpOAJWlFt5JIzSvxBEl2V67khyaEE6EhPeSCEmcypCk1LoOjtBI5WD7UD
				Accept=application/json
				Content-Type=application/json; charset=UTF-8
Cookies:		<none>
Multiparts:		<none>
Body:
{
    "image_id": "dfgtgh",
    "sub_id": "my-user-1234",
    "value": 0
}
HTTP/1.1 401 Unauthorized
content-type: text/plain; charset=utf-8
X-Cloud-Trace-Context: dbc42277d466f4b7f3de9407b96d3dd6;o=1
Date: Thu, 16 Mar 2023 12:39:09 GMT
Server: Google Frontend
Content-Length: 20

AUTHENTICATION_ERROR
HTTP/1.1 401 Unauthorized
content-type: text/plain; charset=utf-8
X-Cloud-Trace-Context: dbc42277d466f4b7f3de9407b96d3dd6;o=1
Date: Thu, 16 Mar 2023 12:39:09 GMT
Server: Google Frontend
Content-Length: 20

AUTHENTICATION_ERROR
HTTP/1.1 401 Unauthorized
content-type: text/plain; charset=utf-8
X-Cloud-Trace-Context: dbc42277d466f4b7f3de9407b96d3dd6;o=1
Date: Thu, 16 Mar 2023 12:39:09 GMT
Server: Google Frontend
Content-Length: 20

AUTHENTICATION_ERROR
HTTP/1.1 401 Unauthorized
content-type: text/plain; charset=utf-8
X-Cloud-Trace-Context: dbc42277d466f4b7f3de9407b96d3dd6;o=1
Date: Thu, 16 Mar 2023 12:39:09 GMT
Server: Google Frontend
Content-Length: 20

AUTHENTICATION_ERROR
HTTP/1.1 401 Unauthorized
content-type: text/plain; charset=utf-8
X-Cloud-Trace-Context: dbc42277d466f4b7f3de9407b96d3dd6;o=1
Date: Thu, 16 Mar 2023 12:39:09 GMT
Server: Google Frontend
Content-Length: 20

AUTHENTICATION_ERROR
HTTP/1.1 401 Unauthorized
content-type: text/plain; charset=utf-8
X-Cloud-Trace-Context: dbc42277d466f4b7f3de9407b96d3dd6;o=1
Date: Thu, 16 Mar 2023 12:39:09 GMT
Server: Google Frontend
Content-Length: 20

AUTHENTICATION_ERROR
HTTP/1.1 401 Unauthorized
content-type: text/plain; charset=utf-8
X-Cloud-Trace-Context: dbc42277d466f4b7f3de9407b96d3dd6;o=1
Date: Thu, 16 Mar 2023 12:39:09 GMT
Server: Google Frontend
Content-Length: 20

AUTHENTICATION_ERROR
HTTP/1.1 401 Unauthorized
content-type: text/plain; charset=utf-8
X-Cloud-Trace-Context: dbc42277d466f4b7f3de9407b96d3dd6;o=1
Date: Thu, 16 Mar 2023 12:39:09 GMT
Server: Google Frontend
Content-Length: 20

AUTHENTICATION_ERROR
HTTP/1.1 401 Unauthorized
content-type: text/plain; charset=utf-8
X-Cloud-Trace-Context: dbc42277d466f4b7f3de9407b96d3dd6;o=1
Date: Thu, 16 Mar 2023 12:39:09 GMT
Server: Google Frontend
Content-Length: 20

AUTHENTICATION_ERROR
HTTP/1.1 401 Unauthorized
content-type: text/plain; charset=utf-8
X-Cloud-Trace-Context: dbc42277d466f4b7f3de9407b96d3dd6;o=1
Date: Thu, 16 Mar 2023 12:39:09 GMT
Server: Google Frontend
Content-Length: 20

AUTHENTICATION_ERROR
HTTP/1.1 401 Unauthorized
content-type: text/plain; charset=utf-8
X-Cloud-Trace-Context: dbc42277d466f4b7f3de9407b96d3dd6;o=1
Date: Thu, 16 Mar 2023 12:39:09 GMT
Server: Google Frontend
Content-Length: 20

AUTHENTICATION_ERROR
]]></system-out>
  </testcase>
</testsuite>