-------------------------------------------------------------------------------
Test set: tests.VotesGetTest
-------------------------------------------------------------------------------
Tests run: 2, Failures: 2, Errors: 0, Skipped: 0, Time elapsed: 2.326 s <<< FAILURE! - in tests.VotesGetTest
getVotesByImageId  Time elapsed: 1.133 s  <<< FAILURE!
java.lang.AssertionError: 
1 expectation failed.
Expected status code <200> but was <401>.

	at tests.VotesGetTest.getVotesByImageId(VotesGetTest.java:35)

getVotesBySubID  Time elapsed: 1.193 s  <<< FAILURE!
java.lang.AssertionError: 
1 expectation failed.
Expected status code <200> but was <401>.

	at tests.VotesGetTest.getVotesBySubID(VotesGetTest.java:19)

